Using pre-set license
Built from '2020.3/release' branch; Version is '2020.3.7f1 (dd97f2c94397) revision 14522354'; Using compiler version '192528614'; Build Type 'Release'
OS: 'Windows 10 Pro; OS build 19041.1052; Version 2004; 64bit' Language: 'tr' Physical Memory: 12180 MB
BatchMode: 1, IsHumanControllingUs: 0, StartBugReporterOnCrash: 0, Is64bit: 1, IsPro: 0

 COMMAND LINE ARGUMENTS:
C:\Program Files\Unity\Hub\Editor\2020.3.7f1\Editor\Unity.exe
-adb2
-batchMode
-noUpm
-name
AssetImportWorker0
-projectPath
C:/Users/YAZICI/hafizaProje
-logFile
Logs/AssetImportWorker0.log
-srvPort
59975
Successfully changed project path to: C:/Users/YAZICI/hafizaProje
C:/Users/YAZICI/hafizaProje
Using Asset Import Pipeline V2.
Refreshing native plugins compatible for Editor in 50.28 ms, found 1 plugins.
Preloading 0 native plugins for Editor in 0.00 ms.
Initialize engine version: 2020.3.7f1 (dd97f2c94397)
[Subsystems] Discovering subsystems at path C:/Program Files/Unity/Hub/Editor/2020.3.7f1/Editor/Data/Resources/UnitySubsystems
[Subsystems] Discovering subsystems at path C:/Users/YAZICI/hafizaProje/Assets
GfxDevice: creating device client; threaded=0
Direct3D:
    Version:  Direct3D 11.0 [level 11.0]
    Renderer: NVIDIA GeForce GTX 950M (ID=0x139a)
    Vendor:   
    VRAM:     4055 MB
    Driver:   27.21.14.6079
Initialize mono
Mono path[0] = 'C:/Program Files/Unity/Hub/Editor/2020.3.7f1/Editor/Data/Managed'
Mono path[1] = 'C:/Program Files/Unity/Hub/Editor/2020.3.7f1/Editor/Data/MonoBleedingEdge/lib/mono/unityjit'
Mono config path = 'C:/Program Files/Unity/Hub/Editor/2020.3.7f1/Editor/Data/MonoBleedingEdge/etc'
Using monoOptions --debugger-agent=transport=dt_socket,embedding=1,server=y,suspend=n,address=127.0.0.1:56708
Begin MonoManager ReloadAssembly
Registering precompiled unity dll's ...
Register platform support module: C:/Program Files/Unity/Hub/Editor/2020.3.7f1/Editor/Data/PlaybackEngines/WindowsStandaloneSupport/UnityEditor.WindowsStandalone.Extensions.dll
Registered in 0.002187 seconds.
Native extension for WindowsStandalone target not found
Refreshing native plugins compatible for Editor in 51.12 ms, found 1 plugins.
Preloading 0 native plugins for Editor in 0.00 ms.
Mono: successfully reloaded assembly
- Completed reload, in  2.763 seconds
Platform modules already initialized, skipping
Registering precompiled user dll's ...
Registered in 0.001218 seconds.
Begin MonoManager ReloadAssembly
Native extension for WindowsStandalone target not found
Refreshing native plugins compatible for Editor in 48.12 ms, found 1 plugins.
Preloading 0 native plugins for Editor in 0.00 ms.
Mono: successfully reloaded assembly
- Completed reload, in  1.297 seconds
Platform modules already initialized, skipping
========================================================================
Worker process is ready to serve import requests
Launched and connected shader compiler UnityShaderCompiler.exe after 0.07 seconds
Refreshing native plugins compatible for Editor in 0.41 ms, found 1 plugins.
Preloading 0 native plugins for Editor in 0.00 ms.
Unloading 1826 Unused Serialized files (Serialized files now loaded: 0)
System memory in use before: 87.2 MB.
System memory in use after: 87.1 MB.

Unloading 23 unused Assets to reduce memory usage. Loaded Objects now: 2269.
Total: 3.324000 ms (FindLiveObjects: 0.282600 ms CreateObjectMapping: 0.187600 ms MarkObjects: 2.658400 ms  DeleteObjects: 0.194400 ms)

========================================================================
Received Import Request.
  path: Assets/ColorfulButtons
  artifactKey: Guid(c8fbc059e929d344b9e1a9f7ec465a43) Importer(815301076,1909f56bfc062723c751e8b465ee728b)
Start importing Assets/ColorfulButtons using Guid(c8fbc059e929d344b9e1a9f7ec465a43) Importer(815301076,1909f56bfc062723c751e8b465ee728b)  -> (artifact id: '6ba1a189a0b129576271d0dac9c0fdb7') in 0.032278 seconds
  Import took 0.036089 seconds .

========================================================================
Received Import Request.
  Time since last request: 1.710774 seconds.
  path: Assets/ColorfulButtons/Credits.txt
  artifactKey: Guid(4eac82759f3d2c840ac256db53fc34ef) Importer(815301076,1909f56bfc062723c751e8b465ee728b)
Start importing Assets/ColorfulButtons/Credits.txt using Guid(4eac82759f3d2c840ac256db53fc34ef) Importer(815301076,1909f56bfc062723c751e8b465ee728b)  -> (artifact id: '7ee0a442c1e80bd7087c923b55e334c1') in 0.069411 seconds
  Import took 0.073969 seconds .

========================================================================
Received Import Request.
  Time since last request: 12.120816 seconds.
  path: Assets/ColorfulButtons/Colorful Buttons.cdr
  artifactKey: Guid(bfd6e9986216a5c47833c80b1b0d8c42) Importer(815301076,1909f56bfc062723c751e8b465ee728b)
Start importing Assets/ColorfulButtons/Colorful Buttons.cdr using Guid(bfd6e9986216a5c47833c80b1b0d8c42) Importer(815301076,1909f56bfc062723c751e8b465ee728b)  -> (artifact id: '4300f0ac5653b287af18d1c39865243e') in 0.302575 seconds
  Import took 0.306364 seconds .

AssetImportWorkerClient::OnTransportError - code=2 error=End of file
